#################################################################
# If you used AutoDock Vina in your work, please cite:          #
#                                                               #
# O. Trott, A. J. Olson,                                        #
# AutoDock Vina: improving the speed and accuracy of docking    #
# with a new scoring function, efficient optimization and       #
# multithreading, Journal of Computational Chemistry 31 (2010)  #
# 455-461                                                       #
#                                                               #
# DOI 10.1002/jcc.21334                                         #
#                                                               #
# Please see http://vina.scripps.edu for more information.      #
#################################################################

Detected 28 CPUs
Reading input ... done.
Setting up the scoring function ... done.
Analyzing the binding site ... done.
Using random seed: 997965528
Performing search ... done.
Refining results ... done.

mode |   affinity | dist from best mode
     | (kcal/mol) | rmsd l.b.| rmsd u.b.
-----+------------+----------+----------
   1         -7.1      0.000      0.000
   2         -7.0      0.369      1.161
   3         -7.0      1.231      1.662
   4         -7.0      3.382      7.203
   5         -6.8      3.427      6.108
   6         -6.8      3.546      5.898
   7         -6.8      0.927      5.947
   8         -6.7      3.424      6.143
   9         -6.7      3.050      5.275
  10         -6.7      2.357      6.511
  11         -6.6      2.383      4.697
  12         -6.6      3.257      6.168
  13         -6.5      3.216      6.912
  14         -6.5      3.487      3.898
  15         -6.4      3.485      3.742
  16         -6.3      2.669      5.898
  17         -6.3      2.799      3.290
  18         -6.2      3.367      4.950
  19         -6.1      2.064      3.850
  20         -6.0      3.164      5.965
Writing output ... done.
