#################################################################
# If you used AutoDock Vina in your work, please cite:          #
#                                                               #
# O. Trott, A. J. Olson,                                        #
# AutoDock Vina: improving the speed and accuracy of docking    #
# with a new scoring function, efficient optimization and       #
# multithreading, Journal of Computational Chemistry 31 (2010)  #
# 455-461                                                       #
#                                                               #
# DOI 10.1002/jcc.21334                                         #
#                                                               #
# Please see http://vina.scripps.edu for more information.      #
#################################################################

Detected 28 CPUs
Reading input ... done.
Setting up the scoring function ... done.
Analyzing the binding site ... done.
Using random seed: -1174243752
Performing search ... done.
Refining results ... done.

mode |   affinity | dist from best mode
     | (kcal/mol) | rmsd l.b.| rmsd u.b.
-----+------------+----------+----------
   1         -6.6      0.000      0.000
   2         -6.3      1.432      2.473
   3         -6.3      3.078      8.461
   4         -6.2      4.302      8.505
   5         -6.1      1.525      2.521
   6         -6.1      5.279      8.947
   7         -6.1      5.265      8.788
   8         -6.0      3.727      7.861
   9         -6.0      3.702      7.846
  10         -6.0      5.362      9.158
  11         -6.0      3.433      8.094
  12         -5.9      2.375      3.511
  13         -5.8      3.027      4.038
  14         -5.7      5.476      8.921
  15         -5.6      3.568      8.184
  16         -5.6      4.787      8.671
  17         -5.5      4.367      8.025
  18         -5.3      3.851      5.060
  19         -5.3      5.863      9.398
Writing output ... done.
