#################################################################
# If you used AutoDock Vina in your work, please cite:          #
#                                                               #
# O. Trott, A. J. Olson,                                        #
# AutoDock Vina: improving the speed and accuracy of docking    #
# with a new scoring function, efficient optimization and       #
# multithreading, Journal of Computational Chemistry 31 (2010)  #
# 455-461                                                       #
#                                                               #
# DOI 10.1002/jcc.21334                                         #
#                                                               #
# Please see http://vina.scripps.edu for more information.      #
#################################################################

Detected 28 CPUs
Reading input ... done.
Setting up the scoring function ... done.
Analyzing the binding site ... done.
Using random seed: 1047379036
Performing search ... done.
Refining results ... done.

mode |   affinity | dist from best mode
     | (kcal/mol) | rmsd l.b.| rmsd u.b.
-----+------------+----------+----------
   1         -7.5      0.000      0.000
   2         -7.5      1.164      1.274
   3         -7.0      2.372      3.399
   4         -7.0      1.794      2.205
   5         -6.6      2.769      6.466
   6         -6.3      3.076      6.719
   7         -6.3      2.507      5.512
   8         -6.1      2.713      6.418
   9         -5.6      2.496      6.022
  10         -5.6      2.847      5.478
  11         -5.4      2.528      5.142
  12         -5.3      3.234      6.291
  13         -5.1      3.061      6.178
  14         -5.0      3.653      7.183
  15         -5.0      7.070     11.193
  16         -4.9      3.351      6.678
  17         -4.8      2.399      5.346
  18         -4.7      4.281      7.116
Writing output ... done.
