#################################################################
# If you used AutoDock Vina in your work, please cite:          #
#                                                               #
# O. Trott, A. J. Olson,                                        #
# AutoDock Vina: improving the speed and accuracy of docking    #
# with a new scoring function, efficient optimization and       #
# multithreading, Journal of Computational Chemistry 31 (2010)  #
# 455-461                                                       #
#                                                               #
# DOI 10.1002/jcc.21334                                         #
#                                                               #
# Please see http://vina.scripps.edu for more information.      #
#################################################################

Detected 28 CPUs
Reading input ... done.
Setting up the scoring function ... done.
Analyzing the binding site ... done.
Using random seed: -1124801927
Performing search ... done.
Refining results ... done.

mode |   affinity | dist from best mode
     | (kcal/mol) | rmsd l.b.| rmsd u.b.
-----+------------+----------+----------
   1         -7.7      0.000      0.000
   2         -7.6      1.638      1.898
   3         -7.5      1.960      2.267
   4         -7.4      3.717      6.921
   5         -7.3      3.632      5.175
   6         -7.2      3.786      7.147
   7         -7.2      1.986      3.257
   8         -7.1      3.812      7.009
   9         -7.1      1.649      1.791
  10         -7.1      2.610      3.943
  11         -7.1      4.129      6.874
  12         -6.9      3.702      7.164
  13         -6.9      4.627      7.493
  14         -6.8      3.799      4.913
  15         -6.8      2.759      3.231
  16         -6.7      2.118      3.835
  17         -6.6      3.733      4.831
  18         -6.5      4.096      7.068
  19         -6.1      4.777      7.626
  20         -6.1      2.523      3.814
Writing output ... done.
